<?xml version="1.0" encoding="UTF-8"?>
<!-- Generated by org.testng.reporters.JUnitXMLReporter -->
<testsuite hostname="DESKTOP-6C6GB7L" ignored="0" name="Test" tests="6" failures="0" timestamp="16 May 2017 19:26:16 GMT" time="0.16" errors="0">
  <testcase name="t1" time="0.03" classname="jenkins_maven_log4IntegrationProject.com.iqbal.choudhury.pack1.Test1"/>
  <testcase name="t2" time="0.002" classname="jenkins_maven_log4IntegrationProject.com.iqbal.choudhury.pack1.Test1"/>
  <testcase name="t3" time="0.003" classname="jenkins_maven_log4IntegrationProject.com.iqbal.choudhury.pack1.Test1"/>
  <testcase name="t1" time="0.0" classname="jenkins_maven_log4IntegrationProject.com.iqbal.choudhury.pack2.Test1"/>
  <testcase name="t3" time="0.0" classname="jenkins_maven_log4IntegrationProject.com.iqbal.choudhury.pack2.Test1"/>
  <testcase name="t2" time="0.001" classname="jenkins_maven_log4IntegrationProject.com.iqbal.choudhury.pack2.Test1"/>
</testsuite> <!-- Test -->
