<?xml version="1.0" encoding="UTF-8"?>
<!-- Generated by org.testng.reporters.JUnitXMLReporter -->
<testsuite hostname="DESKTOP-6C6GB7L" ignored="0" name="Test" tests="6" failures="0" timestamp="15 May 2017 12:49:34 GMT" time="0.331" errors="0">
  <testcase name="t1" time="0.227" classname="jenkins_maven_log4IntegrationProject.com.iqbal.choudhury.pack1.Test1"/>
  <testcase name="t2" time="0.001" classname="jenkins_maven_log4IntegrationProject.com.iqbal.choudhury.pack1.Test1"/>
  <testcase name="t3" time="0.001" classname="jenkins_maven_log4IntegrationProject.com.iqbal.choudhury.pack1.Test1"/>
  <testcase name="t1" time="0.001" classname="jenkins_maven_log4IntegrationProject.com.iqbal.choudhury.pack2.Test1"/>
  <testcase name="t3" time="0.001" classname="jenkins_maven_log4IntegrationProject.com.iqbal.choudhury.pack2.Test1"/>
  <testcase name="t2" time="0.001" classname="jenkins_maven_log4IntegrationProject.com.iqbal.choudhury.pack2.Test1"/>
</testsuite> <!-- Test -->
