<?xml version="1.0" encoding="UTF-8"?>
<testng-results skipped="0" failed="0" ignored="0" total="12" passed="12">
  <reporter-output>
    <line>
      <![CDATA[BeforeClass completed]]>
    </line>
    <line>
      <![CDATA[-----Starting test----t1]]>
    </line>
    <line>
      <![CDATA[completed Test1 class t1]]>
    </line>
    <line>
      <![CDATA[----- test success----t1]]>
    </line>
    <line>
      <![CDATA[-----Starting test----t2]]>
    </line>
    <line>
      <![CDATA[completed Test1 class t2]]>
    </line>
    <line>
      <![CDATA[----- test success----t2]]>
    </line>
    <line>
      <![CDATA[-----Starting test----t3]]>
    </line>
    <line>
      <![CDATA[completed Test1 class t3]]>
    </line>
    <line>
      <![CDATA[----- test success----t3]]>
    </line>
    <line>
      <![CDATA[AfterClass completed]]>
    </line>
    <line>
      <![CDATA[BeforeClass completed]]>
    </line>
    <line>
      <![CDATA[-----Starting test----t1]]>
    </line>
    <line>
      <![CDATA[completed Test1 class t1 pack2]]>
    </line>
    <line>
      <![CDATA[----- test success----t1]]>
    </line>
    <line>
      <![CDATA[-----Starting test----t3]]>
    </line>
    <line>
      <![CDATA[completed Test1 class t3 pack2]]>
    </line>
    <line>
      <![CDATA[----- test success----t3]]>
    </line>
    <line>
      <![CDATA[-----Starting test----t2]]>
    </line>
    <line>
      <![CDATA[completed Test1 class t2 pack2]]>
    </line>
    <line>
      <![CDATA[----- test success----t2]]>
    </line>
    <line>
      <![CDATA[AfterClass completed]]>
    </line>
    <line>
      <![CDATA[BeforeClass completed]]>
    </line>
    <line>
      <![CDATA[-----Starting test----t1]]>
    </line>
    <line>
      <![CDATA[completed Test1 class t1]]>
    </line>
    <line>
      <![CDATA[----- test success----t1]]>
    </line>
    <line>
      <![CDATA[-----Starting test----t2]]>
    </line>
    <line>
      <![CDATA[completed Test1 class t2]]>
    </line>
    <line>
      <![CDATA[----- test success----t2]]>
    </line>
    <line>
      <![CDATA[-----Starting test----t3]]>
    </line>
    <line>
      <![CDATA[completed Test1 class t3]]>
    </line>
    <line>
      <![CDATA[----- test success----t3]]>
    </line>
    <line>
      <![CDATA[AfterClass completed]]>
    </line>
    <line>
      <![CDATA[BeforeClass completed]]>
    </line>
    <line>
      <![CDATA[-----Starting test----t1]]>
    </line>
    <line>
      <![CDATA[completed Test1 class t1 pack2]]>
    </line>
    <line>
      <![CDATA[----- test success----t1]]>
    </line>
    <line>
      <![CDATA[-----Starting test----t3]]>
    </line>
    <line>
      <![CDATA[completed Test1 class t3 pack2]]>
    </line>
    <line>
      <![CDATA[----- test success----t3]]>
    </line>
    <line>
      <![CDATA[-----Starting test----t2]]>
    </line>
    <line>
      <![CDATA[completed Test1 class t2 pack2]]>
    </line>
    <line>
      <![CDATA[----- test success----t2]]>
    </line>
    <line>
      <![CDATA[AfterClass completed]]>
    </line>
  </reporter-output>
  <suite name="Suite" duration-ms="69" started-at="2017-05-15T14:15:51Z" finished-at="2017-05-15T14:15:51Z">
    <groups>
    </groups>
    <test name="Test" duration-ms="69" started-at="2017-05-15T14:15:51Z" finished-at="2017-05-15T14:15:51Z">
      <class name="jenkins_maven_log4IntegrationProject.com.iqbal.choudhury.pack2.Test1">
        <test-method status="PASS" signature="afterClass()[pri:0, instance:jenkins_maven_log4IntegrationProject.com.iqbal.choudhury.pack2.Test1@7a0ac6e3]" name="afterClass" is-config="true" duration-ms="0" started-at="2017-05-15T10:15:51Z" finished-at="2017-05-15T10:15:51Z">
          <reporter-output>
            <line>
              <![CDATA[AfterClass completed]]>
            </line>
          </reporter-output>
        </test-method> <!-- afterClass -->
        <test-method status="PASS" signature="t2()[pri:3, instance:jenkins_maven_log4IntegrationProject.com.iqbal.choudhury.pack2.Test1@7a0ac6e3]" name="t2" duration-ms="0" started-at="2017-05-15T10:15:51Z" finished-at="2017-05-15T10:15:51Z">
          <reporter-output>
            <line>
              <![CDATA[-----Starting test----t2]]>
            </line>
            <line>
              <![CDATA[completed Test1 class t2 pack2]]>
            </line>
            <line>
              <![CDATA[----- test success----t2]]>
            </line>
          </reporter-output>
        </test-method> <!-- t2 -->
        <test-method status="PASS" signature="t1()[pri:1, instance:jenkins_maven_log4IntegrationProject.com.iqbal.choudhury.pack2.Test1@7a0ac6e3]" name="t1" duration-ms="0" started-at="2017-05-15T10:15:51Z" finished-at="2017-05-15T10:15:51Z">
          <reporter-output>
            <line>
              <![CDATA[-----Starting test----t1]]>
            </line>
            <line>
              <![CDATA[completed Test1 class t1 pack2]]>
            </line>
            <line>
              <![CDATA[----- test success----t1]]>
            </line>
          </reporter-output>
        </test-method> <!-- t1 -->
        <test-method status="PASS" signature="t3()[pri:2, instance:jenkins_maven_log4IntegrationProject.com.iqbal.choudhury.pack2.Test1@7a0ac6e3]" name="t3" duration-ms="0" started-at="2017-05-15T10:15:51Z" finished-at="2017-05-15T10:15:51Z">
          <reporter-output>
            <line>
              <![CDATA[-----Starting test----t3]]>
            </line>
            <line>
              <![CDATA[completed Test1 class t3 pack2]]>
            </line>
            <line>
              <![CDATA[----- test success----t3]]>
            </line>
          </reporter-output>
        </test-method> <!-- t3 -->
        <test-method status="PASS" signature="beforeClass()[pri:0, instance:jenkins_maven_log4IntegrationProject.com.iqbal.choudhury.pack2.Test1@7a0ac6e3]" name="beforeClass" is-config="true" duration-ms="0" started-at="2017-05-15T10:15:51Z" finished-at="2017-05-15T10:15:51Z">
          <reporter-output>
            <line>
              <![CDATA[BeforeClass completed]]>
            </line>
          </reporter-output>
        </test-method> <!-- beforeClass -->
      </class> <!-- jenkins_maven_log4IntegrationProject.com.iqbal.choudhury.pack2.Test1 -->
      <class name="jenkins_maven_log4IntegrationProject.com.iqbal.choudhury.pack1.Test1">
        <test-method status="PASS" signature="beforeClass()[pri:0, instance:jenkins_maven_log4IntegrationProject.com.iqbal.choudhury.pack1.Test1@59a6e353]" name="beforeClass" is-config="true" duration-ms="16" started-at="2017-05-15T10:15:51Z" finished-at="2017-05-15T10:15:51Z">
          <reporter-output>
            <line>
              <![CDATA[BeforeClass completed]]>
            </line>
          </reporter-output>
        </test-method> <!-- beforeClass -->
        <test-method status="PASS" signature="t1()[pri:0, instance:jenkins_maven_log4IntegrationProject.com.iqbal.choudhury.pack1.Test1@59a6e353]" name="t1" duration-ms="0" started-at="2017-05-15T10:15:51Z" finished-at="2017-05-15T10:15:51Z">
          <reporter-output>
            <line>
              <![CDATA[-----Starting test----t1]]>
            </line>
            <line>
              <![CDATA[completed Test1 class t1]]>
            </line>
            <line>
              <![CDATA[----- test success----t1]]>
            </line>
          </reporter-output>
        </test-method> <!-- t1 -->
        <test-method status="PASS" signature="t2()[pri:0, instance:jenkins_maven_log4IntegrationProject.com.iqbal.choudhury.pack1.Test1@59a6e353]" name="t2" duration-ms="16" started-at="2017-05-15T10:15:51Z" finished-at="2017-05-15T10:15:51Z">
          <reporter-output>
            <line>
              <![CDATA[-----Starting test----t2]]>
            </line>
            <line>
              <![CDATA[completed Test1 class t2]]>
            </line>
            <line>
              <![CDATA[----- test success----t2]]>
            </line>
          </reporter-output>
        </test-method> <!-- t2 -->
        <test-method status="PASS" signature="t3()[pri:0, instance:jenkins_maven_log4IntegrationProject.com.iqbal.choudhury.pack1.Test1@59a6e353]" name="t3" duration-ms="0" started-at="2017-05-15T10:15:51Z" finished-at="2017-05-15T10:15:51Z">
          <reporter-output>
            <line>
              <![CDATA[-----Starting test----t3]]>
            </line>
            <line>
              <![CDATA[completed Test1 class t3]]>
            </line>
            <line>
              <![CDATA[----- test success----t3]]>
            </line>
          </reporter-output>
        </test-method> <!-- t3 -->
        <test-method status="PASS" signature="afterClass()[pri:0, instance:jenkins_maven_log4IntegrationProject.com.iqbal.choudhury.pack1.Test1@59a6e353]" name="afterClass" is-config="true" duration-ms="0" started-at="2017-05-15T10:15:51Z" finished-at="2017-05-15T10:15:51Z">
          <reporter-output>
            <line>
              <![CDATA[AfterClass completed]]>
            </line>
          </reporter-output>
        </test-method> <!-- afterClass -->
      </class> <!-- jenkins_maven_log4IntegrationProject.com.iqbal.choudhury.pack1.Test1 -->
    </test> <!-- Test -->
  </suite> <!-- Suite -->
  <suite name="Suite (0)" duration-ms="0" started-at="2017-05-15T14:15:52Z" finished-at="2017-05-15T14:15:52Z">
    <groups>
    </groups>
    <test name="Test" duration-ms="0" started-at="2017-05-15T14:15:52Z" finished-at="2017-05-15T14:15:52Z">
      <class name="jenkins_maven_log4IntegrationProject.com.iqbal.choudhury.pack2.Test1">
        <test-method status="PASS" signature="t1()[pri:1, instance:jenkins_maven_log4IntegrationProject.com.iqbal.choudhury.pack2.Test1@6aaa5eb0]" name="t1" duration-ms="0" started-at="2017-05-15T10:15:52Z" finished-at="2017-05-15T10:15:52Z">
          <reporter-output>
            <line>
              <![CDATA[-----Starting test----t1]]>
            </line>
            <line>
              <![CDATA[completed Test1 class t1 pack2]]>
            </line>
            <line>
              <![CDATA[----- test success----t1]]>
            </line>
          </reporter-output>
        </test-method> <!-- t1 -->
        <test-method status="PASS" signature="t2()[pri:3, instance:jenkins_maven_log4IntegrationProject.com.iqbal.choudhury.pack2.Test1@6aaa5eb0]" name="t2" duration-ms="0" started-at="2017-05-15T10:15:52Z" finished-at="2017-05-15T10:15:52Z">
          <reporter-output>
            <line>
              <![CDATA[-----Starting test----t2]]>
            </line>
            <line>
              <![CDATA[completed Test1 class t2 pack2]]>
            </line>
            <line>
              <![CDATA[----- test success----t2]]>
            </line>
          </reporter-output>
        </test-method> <!-- t2 -->
        <test-method status="PASS" signature="beforeClass()[pri:0, instance:jenkins_maven_log4IntegrationProject.com.iqbal.choudhury.pack2.Test1@6aaa5eb0]" name="beforeClass" is-config="true" duration-ms="0" started-at="2017-05-15T10:15:52Z" finished-at="2017-05-15T10:15:52Z">
          <reporter-output>
            <line>
              <![CDATA[BeforeClass completed]]>
            </line>
          </reporter-output>
        </test-method> <!-- beforeClass -->
        <test-method status="PASS" signature="t3()[pri:2, instance:jenkins_maven_log4IntegrationProject.com.iqbal.choudhury.pack2.Test1@6aaa5eb0]" name="t3" duration-ms="0" started-at="2017-05-15T10:15:52Z" finished-at="2017-05-15T10:15:52Z">
          <reporter-output>
            <line>
              <![CDATA[-----Starting test----t3]]>
            </line>
            <line>
              <![CDATA[completed Test1 class t3 pack2]]>
            </line>
            <line>
              <![CDATA[----- test success----t3]]>
            </line>
          </reporter-output>
        </test-method> <!-- t3 -->
        <test-method status="PASS" signature="afterClass()[pri:0, instance:jenkins_maven_log4IntegrationProject.com.iqbal.choudhury.pack2.Test1@6aaa5eb0]" name="afterClass" is-config="true" duration-ms="0" started-at="2017-05-15T10:15:52Z" finished-at="2017-05-15T10:15:52Z">
          <reporter-output>
            <line>
              <![CDATA[AfterClass completed]]>
            </line>
          </reporter-output>
        </test-method> <!-- afterClass -->
      </class> <!-- jenkins_maven_log4IntegrationProject.com.iqbal.choudhury.pack2.Test1 -->
      <class name="jenkins_maven_log4IntegrationProject.com.iqbal.choudhury.pack1.Test1">
        <test-method status="PASS" signature="t2()[pri:0, instance:jenkins_maven_log4IntegrationProject.com.iqbal.choudhury.pack1.Test1@13969fbe]" name="t2" duration-ms="0" started-at="2017-05-15T10:15:52Z" finished-at="2017-05-15T10:15:52Z">
          <reporter-output>
            <line>
              <![CDATA[-----Starting test----t2]]>
            </line>
            <line>
              <![CDATA[completed Test1 class t2]]>
            </line>
            <line>
              <![CDATA[----- test success----t2]]>
            </line>
          </reporter-output>
        </test-method> <!-- t2 -->
        <test-method status="PASS" signature="afterClass()[pri:0, instance:jenkins_maven_log4IntegrationProject.com.iqbal.choudhury.pack1.Test1@13969fbe]" name="afterClass" is-config="true" duration-ms="0" started-at="2017-05-15T10:15:52Z" finished-at="2017-05-15T10:15:52Z">
          <reporter-output>
            <line>
              <![CDATA[AfterClass completed]]>
            </line>
          </reporter-output>
        </test-method> <!-- afterClass -->
        <test-method status="PASS" signature="t1()[pri:0, instance:jenkins_maven_log4IntegrationProject.com.iqbal.choudhury.pack1.Test1@13969fbe]" name="t1" duration-ms="0" started-at="2017-05-15T10:15:52Z" finished-at="2017-05-15T10:15:52Z">
          <reporter-output>
            <line>
              <![CDATA[-----Starting test----t1]]>
            </line>
            <line>
              <![CDATA[completed Test1 class t1]]>
            </line>
            <line>
              <![CDATA[----- test success----t1]]>
            </line>
          </reporter-output>
        </test-method> <!-- t1 -->
        <test-method status="PASS" signature="beforeClass()[pri:0, instance:jenkins_maven_log4IntegrationProject.com.iqbal.choudhury.pack1.Test1@13969fbe]" name="beforeClass" is-config="true" duration-ms="0" started-at="2017-05-15T10:15:52Z" finished-at="2017-05-15T10:15:52Z">
          <reporter-output>
            <line>
              <![CDATA[BeforeClass completed]]>
            </line>
          </reporter-output>
        </test-method> <!-- beforeClass -->
        <test-method status="PASS" signature="t3()[pri:0, instance:jenkins_maven_log4IntegrationProject.com.iqbal.choudhury.pack1.Test1@13969fbe]" name="t3" duration-ms="0" started-at="2017-05-15T10:15:52Z" finished-at="2017-05-15T10:15:52Z">
          <reporter-output>
            <line>
              <![CDATA[-----Starting test----t3]]>
            </line>
            <line>
              <![CDATA[completed Test1 class t3]]>
            </line>
            <line>
              <![CDATA[----- test success----t3]]>
            </line>
          </reporter-output>
        </test-method> <!-- t3 -->
      </class> <!-- jenkins_maven_log4IntegrationProject.com.iqbal.choudhury.pack1.Test1 -->
    </test> <!-- Test -->
  </suite> <!-- Suite (0) -->
</testng-results>
